2025-10-27 09:18:06,619;Capella;7.0.1.202503211540;Open+Session;IN1090.aird;;
2025-10-27 09:18:18,592;Capella;7.0.1.202503211540;Open+Session;IN1090.aird;OK;
2025-10-27 09:18:28,143;Capella;7.0.1.202503211540;Open+Representation;;;
2025-10-27 09:18:31,396;Capella;7.0.1.202503211540;Open+Representation;;OK;
2025-10-27 09:18:31,595;Capella;7.0.1.202503211540;Open+Representation;;;
2025-10-27 09:18:31,676;Capella;7.0.1.202503211540;Open+Representation;;OK;
2025-10-27 09:18:31,748;Capella;7.0.1.202503211540;Open+Representation;;;
2025-10-27 09:18:31,851;Capella;7.0.1.202503211540;Open+Representation;;OK;
2025-11-02 08:51:41,844;Capella;7.0.1.202503211540;Open+Representation;;;
2025-11-02 08:51:42,416;Capella;7.0.1.202503211540;Open+Representation;;OK;
2025-11-02 08:54:31,975;Capella;7.0.1.202503211540;Open+Representation;;;
2025-11-02 08:54:32,589;Capella;7.0.1.202503211540;Open+Representation;;OK;
2025-11-02 08:56:37,505;Capella;7.0.1.202503211540;Transition;Operational+Capability+to+System+Mission+Transition;;
2025-11-02 08:56:40,229;Capella;7.0.1.202503211540;Transition;Operational+Capability+to+System+Mission+Transition;ERROR;
2025-11-02 09:01:38,777;Capella;7.0.1.202503211540;Open+Representation;;;
2025-11-02 09:01:39,522;Capella;7.0.1.202503211540;Open+Representation;;OK;
2025-11-02 09:21:56,878;Capella;7.0.1.202503211540;Transition;Capability+Transition;;
2025-11-02 09:22:06,278;Capella;7.0.1.202503211540;Transition;Capability+Transition;ERROR;
2025-11-02 09:26:10,623;Capella;7.0.1.202503211540;Transition;Operational+Entity+to+System+Transition;;
2025-11-02 09:26:14,781;Capella;7.0.1.202503211540;Transition;Operational+Entity+to+System+Transition;ERROR;
2025-11-02 09:26:20,444;Capella;7.0.1.202503211540;Transition;Operational+Entity+to+System+Transition;;
2025-11-02 09:26:22,036;Capella;7.0.1.202503211540;Transition;Operational+Entity+to+System+Transition;OK;
2025-11-02 09:26:36,153;Capella;7.0.1.202503211540;Create+Representation;System+Architecture+Blank;;8d871846-f1b6-440b-af45-48891be2c8d1
2025-11-02 09:26:38,175;Capella;7.0.1.202503211540;Create+Representation;System+Architecture+Blank;;8d871846-f1b6-440b-af45-48891be2c8d1
2025-11-02 09:26:38,208;Capella;7.0.1.202503211540;Create+Representation;System+Architecture+Blank;OK;8d871846-f1b6-440b-af45-48891be2c8d1
2025-11-02 09:26:38,471;Capella;7.0.1.202503211540;Create+Representation;System+Architecture+Blank;OK;8d871846-f1b6-440b-af45-48891be2c8d1
2025-11-02 09:27:02,606;Capella;7.0.1.202503211540;Transition;Operational+Entity+to+System+Transition;;
2025-11-02 09:27:03,975;Capella;7.0.1.202503211540;Transition;Operational+Entity+to+System+Transition;OK;
2025-11-02 09:28:38,797;Capella;7.0.1.202503211540;Transition;Capability+Transition;;
2025-11-02 09:28:45,983;Capella;7.0.1.202503211540;Transition;Capability+Transition;ERROR;
2025-11-02 10:02:12,131;Capella;7.0.1.202503211540;Transition;Operational+Entity+to+System+Actor+Transition;;
2025-11-02 10:02:13,832;Capella;7.0.1.202503211540;Transition;Operational+Entity+to+System+Actor+Transition;OK;
2025-11-02 10:02:18,929;Capella;7.0.1.202503211540;Transition;Operational+Entity+to+System+Actor+Transition;;
2025-11-02 10:02:20,162;Capella;7.0.1.202503211540;Transition;Operational+Entity+to+System+Actor+Transition;OK;
2025-11-02 10:03:15,422;Capella;7.0.1.202503211540;Transition;Operational+Entity+to+System+Transition;;
2025-11-02 10:03:16,935;Capella;7.0.1.202503211540;Transition;Operational+Entity+to+System+Transition;OK;
2025-11-02 10:15:07,517;Capella;7.0.1.202503211540;Transition;System+Transition;;
2025-11-02 10:15:09,361;Capella;7.0.1.202503211540;Transition;System+Transition;OK;
2025-11-02 10:15:17,936;Capella;7.0.1.202503211540;Create+Representation;Logical+Architecture+Blank;;6601c9c8-f8a7-448d-be30-3f70e262e1ab
2025-11-02 10:15:19,088;Capella;7.0.1.202503211540;Create+Representation;Logical+Architecture+Blank;;6601c9c8-f8a7-448d-be30-3f70e262e1ab
2025-11-02 10:15:19,105;Capella;7.0.1.202503211540;Create+Representation;Logical+Architecture+Blank;OK;6601c9c8-f8a7-448d-be30-3f70e262e1ab
2025-11-02 10:15:19,408;Capella;7.0.1.202503211540;Create+Representation;Logical+Architecture+Blank;OK;6601c9c8-f8a7-448d-be30-3f70e262e1ab
2025-11-02 10:15:50,791;Capella;7.0.1.202503211540;Transition;Actor+Transition;;
2025-11-02 10:15:52,038;Capella;7.0.1.202503211540;Transition;Actor+Transition;OK;
2025-11-02 10:16:02,380;Capella;7.0.1.202503211540;Transition;Actor+Transition;;
2025-11-02 10:16:03,875;Capella;7.0.1.202503211540;Transition;Actor+Transition;ERROR;
2025-11-02 10:46:04,487;Capella;7.0.1.202503211540;Create+Representation;System+Architecture+Blank;;8d871846-f1b6-440b-af45-48891be2c8d1
2025-11-02 10:46:12,323;Capella;7.0.1.202503211540;Create+Representation;System+Architecture+Blank;;8d871846-f1b6-440b-af45-48891be2c8d1
2025-11-02 10:46:12,336;Capella;7.0.1.202503211540;Create+Representation;System+Architecture+Blank;OK;8d871846-f1b6-440b-af45-48891be2c8d1
2025-11-02 10:46:12,613;Capella;7.0.1.202503211540;Create+Representation;System+Architecture+Blank;OK;8d871846-f1b6-440b-af45-48891be2c8d1
2025-11-02 11:14:35,088;Capella;7.0.1.202503211540;Transition;Functional+Transition;;
2025-11-02 11:14:38,173;Capella;7.0.1.202503211540;Transition;Functional+Transition;OK;
2025-11-02 11:14:55,683;Capella;7.0.1.202503211540;Transition;System+Transition;;
2025-11-02 11:15:00,774;Capella;7.0.1.202503211540;Transition;System+Transition;ERROR;
2025-11-02 11:15:06,880;Capella;7.0.1.202503211540;Transition;System+Transition;;
2025-11-02 11:15:11,626;Capella;7.0.1.202503211540;Transition;System+Transition;ERROR;
2025-11-02 11:24:58,443;Capella;7.0.1.202503211540;Create+Representation;Physical+Architecture+Blank;;eb333ccb-25fd-49f5-959f-646938aa3d9e
2025-11-02 11:25:06,809;Capella;7.0.1.202503211540;Create+Representation;Physical+Architecture+Blank;;eb333ccb-25fd-49f5-959f-646938aa3d9e
2025-11-02 11:25:06,835;Capella;7.0.1.202503211540;Create+Representation;Physical+Architecture+Blank;OK;eb333ccb-25fd-49f5-959f-646938aa3d9e
2025-11-02 11:25:07,130;Capella;7.0.1.202503211540;Create+Representation;Physical+Architecture+Blank;OK;eb333ccb-25fd-49f5-959f-646938aa3d9e
2025-11-02 11:27:16,256;Capella;7.0.1.202503211540;Transition;LC+%2F+LA+to+PC+%2F+PA+Transition;;
2025-11-02 11:27:23,112;Capella;7.0.1.202503211540;Transition;LC+%2F+LA+to+PC+%2F+PA+Transition;OK;
2025-11-02 11:39:17,778;Capella;7.0.1.202503211540;Transition;Actor+Transition;;
2025-11-02 11:39:19,494;Capella;7.0.1.202503211540;Transition;Actor+Transition;OK;
2025-11-02 11:39:22,444;Capella;7.0.1.202503211540;Transition;Actor+Transition;;
2025-11-02 11:39:23,746;Capella;7.0.1.202503211540;Transition;Actor+Transition;OK;
2025-11-02 11:43:24,556;Capella;7.0.1.202503211540;Transition;LC+%2F+LA+to+PC+%2F+PA+Transition;;
2025-11-02 11:43:26,264;Capella;7.0.1.202503211540;Transition;LC+%2F+LA+to+PC+%2F+PA+Transition;OK;
2025-11-02 11:44:46,841;Capella;7.0.1.202503211540;Transition;Functional+Transition;;
2025-11-02 11:44:50,762;Capella;7.0.1.202503211540;Transition;Functional+Transition;OK;
2025-11-02 11:44:57,063;Capella;7.0.1.202503211540;Transition;LC+%2F+LA+to+PC+%2F+PA+Transition;;
2025-11-02 11:44:58,575;Capella;7.0.1.202503211540;Transition;LC+%2F+LA+to+PC+%2F+PA+Transition;OK;
2025-11-02 11:45:24,313;Capella;7.0.1.202503211540;Transition;LC+%2F+LA+to+PC+%2F+PA+Transition;;
2025-11-02 11:45:25,868;Capella;7.0.1.202503211540;Transition;LC+%2F+LA+to+PC+%2F+PA+Transition;OK;
2025-11-02 20:28:22,548;Capella;7.0.1.202503211540;Transition;Operational+Entity+to+System+Transition;;
2025-11-02 20:28:24,818;Capella;7.0.1.202503211540;Transition;Operational+Entity+to+System+Transition;OK;
2025-11-02 20:30:14,111;Capella;7.0.1.202503211540;Transition;Functional+Transition;;
2025-11-02 20:30:16,407;Capella;7.0.1.202503211540;Transition;Functional+Transition;OK;
2025-11-02 20:32:49,495;Capella;7.0.1.202503211540;Transition;Operational+Entity+to+System+Actor+Transition;;
2025-11-02 20:32:51,001;Capella;7.0.1.202503211540;Transition;Operational+Entity+to+System+Actor+Transition;OK;
2025-11-02 20:32:54,335;Capella;7.0.1.202503211540;Transition;Operational+Entity+to+System+Actor+Transition;;
2025-11-02 20:32:55,591;Capella;7.0.1.202503211540;Transition;Operational+Entity+to+System+Actor+Transition;OK;
2025-11-02 20:33:07,274;Capella;7.0.1.202503211540;Transition;Operational+Entity+to+System+Transition;;
2025-11-02 20:33:09,017;Capella;7.0.1.202503211540;Transition;Operational+Entity+to+System+Transition;OK;
2025-11-02 20:34:32,966;Capella;7.0.1.202503211540;Open+Representation;;;
2025-11-02 20:34:33,254;Capella;7.0.1.202503211540;Open+Representation;;OK;
2025-11-02 20:36:14,986;Capella;7.0.1.202503211540;Transition;Actor+Transition;;
2025-11-02 20:36:16,488;Capella;7.0.1.202503211540;Transition;Actor+Transition;OK;
2025-11-02 20:36:20,819;Capella;7.0.1.202503211540;Transition;Actor+Transition;;
2025-11-02 20:36:23,128;Capella;7.0.1.202503211540;Transition;Actor+Transition;ERROR;
2025-11-02 20:36:49,088;Capella;7.0.1.202503211540;Transition;Actor+Transition;;
2025-11-02 20:36:50,259;Capella;7.0.1.202503211540;Transition;Actor+Transition;OK;
2025-11-02 20:37:33,269;Capella;7.0.1.202503211540;Transition;System+Transition;;
2025-11-02 20:37:34,676;Capella;7.0.1.202503211540;Transition;System+Transition;OK;
2025-11-02 20:38:11,472;Capella;7.0.1.202503211540;Transition;Actor+Transition;;
2025-11-02 20:38:12,867;Capella;7.0.1.202503211540;Transition;Actor+Transition;OK;
2025-11-02 20:38:16,258;Capella;7.0.1.202503211540;Transition;Actor+Transition;;
2025-11-02 20:38:17,320;Capella;7.0.1.202503211540;Transition;Actor+Transition;OK;
